{"/Users/oskartarka/Informatyka/Moje/projekty java/Hoidle/client/js/common/constants.js": {"path":"/Users/oskartarka/Informatyka/Moje/projekty java/Hoidle/client/js/common/constants.js","statementMap":{"0":{"start":{"line":12,"column":25},"end":{"line":12,"column":66}},"1":{"start":{"line":13,"column":27},"end":{"line":13,"column":71}},"2":{"start":{"line":14,"column":14},"end":{"line":14,"column":51}},"3":{"start":{"line":15,"column":20},"end":{"line":15,"column":58}},"4":{"start":{"line":16,"column":13},"end":{"line":16,"column":49}},"5":{"start":{"line":17,"column":16},"end":{"line":17,"column":50}},"6":{"start":{"line":18,"column":20},"end":{"line":21,"column":2}},"7":{"start":{"line":23,"column":14},"end":{"line":23,"column":17}},"8":{"start":{"line":24,"column":19},"end":{"line":28,"column":1}}},"fnMap":{},"branchMap":{},"s":{"0":3,"1":3,"2":3,"3":3,"4":3,"5":3,"6":3,"7":3,"8":3},"f":{},"b":{},"_coverageSchema":"1a1c01bbd47fc00a2c39e90264f33305004495a9","hash":"0b87e55eb09e0524ced393cf851591a56d7909a4"}
,"/Users/oskartarka/Informatyka/Moje/projekty java/Hoidle/client/js/dom/error.js": {"path":"/Users/oskartarka/Informatyka/Moje/projekty java/Hoidle/client/js/dom/error.js","statementMap":{"0":{"start":{"line":2,"column":18},"end":{"line":2,"column":51}},"1":{"start":{"line":4,"column":2},"end":{"line":4,"column":25}},"2":{"start":{"line":6,"column":25},"end":{"line":6,"column":54}},"3":{"start":{"line":7,"column":2},"end":{"line":7,"column":37}},"4":{"start":{"line":8,"column":2},"end":{"line":8,"column":47}},"5":{"start":{"line":10,"column":2},"end":{"line":10,"column":33}}},"fnMap":{"0":{"name":"errorProcedure","decl":{"start":{"line":1,"column":16},"end":{"line":1,"column":30}},"loc":{"start":{"line":1,"column":37},"end":{"line":11,"column":1}},"line":1}},"branchMap":{},"s":{"0":1,"1":1,"2":1,"3":1,"4":1,"5":1},"f":{"0":1},"b":{},"_coverageSchema":"1a1c01bbd47fc00a2c39e90264f33305004495a9","hash":"47a05489312017e7a89cbbb366022dad8c737b32"}
,"/Users/oskartarka/Informatyka/Moje/projekty java/Hoidle/client/js/dom/guessTable.js": {"path":"/Users/oskartarka/Informatyka/Moje/projekty java/Hoidle/client/js/dom/guessTable.js","statementMap":{"0":{"start":{"line":12,"column":2},"end":{"line":15,"column":12}},"1":{"start":{"line":17,"column":21},"end":{"line":17,"column":59}},"2":{"start":{"line":18,"column":24},"end":{"line":18,"column":69}},"3":{"start":{"line":20,"column":33},"end":{"line":20,"column":57}},"4":{"start":{"line":21,"column":17},"end":{"line":21,"column":51}},"5":{"start":{"line":23,"column":26},"end":{"line":23,"column":44}},"6":{"start":{"line":25,"column":2},"end":{"line":28,"column":61}},"7":{"start":{"line":32,"column":13},"end":{"line":32,"column":41}},"8":{"start":{"line":33,"column":2},"end":{"line":33,"column":33}},"9":{"start":{"line":35,"column":2},"end":{"line":60,"column":7}},"10":{"start":{"line":37,"column":22},"end":{"line":37,"column":50}},"11":{"start":{"line":38,"column":20},"end":{"line":38,"column":33}},"12":{"start":{"line":39,"column":25},"end":{"line":39,"column":33}},"13":{"start":{"line":41,"column":6},"end":{"line":45,"column":7}},"14":{"start":{"line":42,"column":8},"end":{"line":42,"column":51}},"15":{"start":{"line":43,"column":13},"end":{"line":45,"column":7}},"16":{"start":{"line":44,"column":8},"end":{"line":44,"column":60}},"17":{"start":{"line":47,"column":6},"end":{"line":47,"column":60}},"18":{"start":{"line":48,"column":6},"end":{"line":48,"column":43}},"19":{"start":{"line":49,"column":19},"end":{"line":49,"column":48}},"20":{"start":{"line":50,"column":6},"end":{"line":50,"column":41}},"21":{"start":{"line":51,"column":19},"end":{"line":51,"column":49}},"22":{"start":{"line":52,"column":6},"end":{"line":52,"column":36}},"23":{"start":{"line":53,"column":6},"end":{"line":53,"column":36}},"24":{"start":{"line":54,"column":6},"end":{"line":54,"column":24}},"25":{"start":{"line":55,"column":6},"end":{"line":55,"column":27}},"26":{"start":{"line":57,"column":6},"end":{"line":57,"column":55}},"27":{"start":{"line":59,"column":6},"end":{"line":59,"column":25}},"28":{"start":{"line":62,"column":2},"end":{"line":62,"column":12}}},"fnMap":{"0":{"name":"setSlideHeight","decl":{"start":{"line":10,"column":9},"end":{"line":10,"column":23}},"loc":{"start":{"line":10,"column":71},"end":{"line":29,"column":1}},"line":10},"1":{"name":"createGuessRow","decl":{"start":{"line":31,"column":9},"end":{"line":31,"column":23}},"loc":{"start":{"line":31,"column":39},"end":{"line":63,"column":1}},"line":31},"2":{"name":"(anonymous_2)","decl":{"start":{"line":36,"column":13},"end":{"line":36,"column":14}},"loc":{"start":{"line":36,"column":31},"end":{"line":60,"column":5}},"line":36}},"branchMap":{"0":{"loc":{"start":{"line":21,"column":28},"end":{"line":21,"column":50}},"type":"binary-expr","locations":[{"start":{"line":21,"column":28},"end":{"line":21,"column":37}},{"start":{"line":21,"column":41},"end":{"line":21,"column":50}}],"line":21},"1":{"loc":{"start":{"line":41,"column":6},"end":{"line":45,"column":7}},"type":"if","locations":[{"start":{"line":41,"column":6},"end":{"line":45,"column":7}},{"start":{"line":43,"column":13},"end":{"line":45,"column":7}}],"line":41},"2":{"loc":{"start":{"line":42,"column":23},"end":{"line":42,"column":50}},"type":"cond-expr","locations":[{"start":{"line":42,"column":38},"end":{"line":42,"column":43}},{"start":{"line":42,"column":46},"end":{"line":42,"column":50}}],"line":42},"3":{"loc":{"start":{"line":43,"column":13},"end":{"line":45,"column":7}},"type":"if","locations":[{"start":{"line":43,"column":13},"end":{"line":45,"column":7}},{"start":{},"end":{}}],"line":43},"4":{"loc":{"start":{"line":47,"column":33},"end":{"line":47,"column":59}},"type":"binary-expr","locations":[{"start":{"line":47,"column":33},"end":{"line":47,"column":50}},{"start":{"line":47,"column":54},"end":{"line":47,"column":59}}],"line":47}},"s":{"0":1,"1":1,"2":1,"3":1,"4":1,"5":1,"6":1,"7":1,"8":1,"9":1,"10":5,"11":5,"12":5,"13":5,"14":1,"15":4,"16":4,"17":5,"18":5,"19":5,"20":5,"21":5,"22":5,"23":5,"24":5,"25":5,"26":5,"27":5,"28":1},"f":{"0":1,"1":1,"2":5},"b":{"0":[1,1],"1":[1,4],"2":[1,0],"3":[4,0],"4":[5,0]},"_coverageSchema":"1a1c01bbd47fc00a2c39e90264f33305004495a9","hash":"28ef6000587be5ba7e5efe8efb9b7b453f27f127"}
,"/Users/oskartarka/Informatyka/Moje/projekty java/Hoidle/client/js/dom/suggestions.js": {"path":"/Users/oskartarka/Informatyka/Moje/projekty java/Hoidle/client/js/dom/suggestions.js","statementMap":{"0":{"start":{"line":5,"column":2},"end":{"line":5,"column":29}},"1":{"start":{"line":6,"column":2},"end":{"line":6,"column":28}},"2":{"start":{"line":7,"column":16},"end":{"line":7,"column":41}},"3":{"start":{"line":9,"column":2},"end":{"line":12,"column":3}},"4":{"start":{"line":10,"column":4},"end":{"line":10,"column":39}},"5":{"start":{"line":11,"column":4},"end":{"line":11,"column":33}},"6":{"start":{"line":14,"column":28},"end":{"line":14,"column":67}},"7":{"start":{"line":15,"column":2},"end":{"line":15,"column":38}},"8":{"start":{"line":17,"column":2},"end":{"line":22,"column":3}},"9":{"start":{"line":18,"column":15},"end":{"line":18,"column":43}},"10":{"start":{"line":19,"column":4},"end":{"line":19,"column":70}},"11":{"start":{"line":20,"column":4},"end":{"line":20,"column":32}},"12":{"start":{"line":21,"column":4},"end":{"line":21,"column":33}},"13":{"start":{"line":24,"column":2},"end":{"line":36,"column":5}},"14":{"start":{"line":25,"column":4},"end":{"line":35,"column":7}},"15":{"start":{"line":26,"column":17},"end":{"line":26,"column":45}},"16":{"start":{"line":27,"column":6},"end":{"line":27,"column":46}},"17":{"start":{"line":28,"column":6},"end":{"line":33,"column":9}},"18":{"start":{"line":29,"column":8},"end":{"line":29,"column":25}},"19":{"start":{"line":30,"column":8},"end":{"line":30,"column":35}},"20":{"start":{"line":31,"column":8},"end":{"line":31,"column":43}},"21":{"start":{"line":32,"column":8},"end":{"line":32,"column":25}},"22":{"start":{"line":34,"column":6},"end":{"line":34,"column":34}}},"fnMap":{"0":{"name":"suggestedCountry","decl":{"start":{"line":4,"column":16},"end":{"line":4,"column":32}},"loc":{"start":{"line":4,"column":44},"end":{"line":37,"column":1}},"line":4},"1":{"name":"(anonymous_1)","decl":{"start":{"line":24,"column":21},"end":{"line":24,"column":22}},"loc":{"start":{"line":24,"column":32},"end":{"line":36,"column":3}},"line":24},"2":{"name":"(anonymous_2)","decl":{"start":{"line":25,"column":30},"end":{"line":25,"column":31}},"loc":{"start":{"line":25,"column":41},"end":{"line":35,"column":5}},"line":25},"3":{"name":"(anonymous_3)","decl":{"start":{"line":28,"column":35},"end":{"line":28,"column":36}},"loc":{"start":{"line":28,"column":41},"end":{"line":33,"column":7}},"line":28}},"branchMap":{"0":{"loc":{"start":{"line":9,"column":2},"end":{"line":12,"column":3}},"type":"if","locations":[{"start":{"line":9,"column":2},"end":{"line":12,"column":3}},{"start":{},"end":{}}],"line":9},"1":{"loc":{"start":{"line":17,"column":2},"end":{"line":22,"column":3}},"type":"if","locations":[{"start":{"line":17,"column":2},"end":{"line":22,"column":3}},{"start":{},"end":{}}],"line":17}},"s":{"0":4,"1":4,"2":4,"3":4,"4":1,"5":1,"6":3,"7":3,"8":3,"9":1,"10":1,"11":1,"12":1,"13":2,"14":2,"15":4,"16":4,"17":4,"18":1,"19":1,"20":1,"21":1,"22":4},"f":{"0":4,"1":2,"2":4,"3":1},"b":{"0":[1,3],"1":[1,2]},"_coverageSchema":"1a1c01bbd47fc00a2c39e90264f33305004495a9","hash":"49974b60f9b43b926821fe6e2d8697c77f3d8a2a"}
,"/Users/oskartarka/Informatyka/Moje/projekty java/Hoidle/client/js/dom/win.js": {"path":"/Users/oskartarka/Informatyka/Moje/projekty java/Hoidle/client/js/dom/win.js","statementMap":{"0":{"start":{"line":6,"column":26},"end":{"line":6,"column":64}},"1":{"start":{"line":7,"column":2},"end":{"line":7,"column":92}},"2":{"start":{"line":7,"column":53},"end":{"line":7,"column":90}},"3":{"start":{"line":9,"column":2},"end":{"line":11,"column":5}},"4":{"start":{"line":10,"column":4},"end":{"line":10,"column":34}},"5":{"start":{"line":13,"column":18},"end":{"line":13,"column":51}},"6":{"start":{"line":14,"column":24},"end":{"line":14,"column":49}},"7":{"start":{"line":15,"column":20},"end":{"line":15,"column":55}},"8":{"start":{"line":17,"column":25},"end":{"line":17,"column":58}},"9":{"start":{"line":18,"column":32},"end":{"line":18,"column":45}},"10":{"start":{"line":20,"column":2},"end":{"line":23,"column":3}},"11":{"start":{"line":21,"column":4},"end":{"line":21,"column":77}},"12":{"start":{"line":21,"column":54},"end":{"line":21,"column":75}},"13":{"start":{"line":22,"column":4},"end":{"line":22,"column":21}},"14":{"start":{"line":25,"column":14},"end":{"line":25,"column":43}},"15":{"start":{"line":26,"column":2},"end":{"line":26,"column":38}},"16":{"start":{"line":27,"column":2},"end":{"line":27,"column":30}},"17":{"start":{"line":28,"column":2},"end":{"line":28,"column":43}},"18":{"start":{"line":29,"column":2},"end":{"line":29,"column":26}},"19":{"start":{"line":30,"column":2},"end":{"line":33,"column":10}},"20":{"start":{"line":34,"column":2},"end":{"line":34,"column":57}},"21":{"start":{"line":35,"column":2},"end":{"line":35,"column":24}}},"fnMap":{"0":{"name":"winFunctionality","decl":{"start":{"line":5,"column":22},"end":{"line":5,"column":38}},"loc":{"start":{"line":5,"column":41},"end":{"line":36,"column":1}},"line":5},"1":{"name":"(anonymous_1)","decl":{"start":{"line":7,"column":47},"end":{"line":7,"column":48}},"loc":{"start":{"line":7,"column":53},"end":{"line":7,"column":90}},"line":7},"2":{"name":"(anonymous_2)","decl":{"start":{"line":9,"column":28},"end":{"line":9,"column":29}},"loc":{"start":{"line":9,"column":39},"end":{"line":11,"column":3}},"line":9},"3":{"name":"(anonymous_3)","decl":{"start":{"line":21,"column":45},"end":{"line":21,"column":46}},"loc":{"start":{"line":21,"column":54},"end":{"line":21,"column":75}},"line":21}},"branchMap":{},"s":{"0":1,"1":1,"2":1,"3":1,"4":1,"5":1,"6":1,"7":1,"8":1,"9":1,"10":1,"11":1,"12":0,"13":1,"14":1,"15":1,"16":1,"17":1,"18":1,"19":1,"20":1,"21":1},"f":{"0":1,"1":1,"2":1,"3":0},"b":{},"_coverageSchema":"1a1c01bbd47fc00a2c39e90264f33305004495a9","hash":"e09342ea90822ab162af8355bb4a917f164cf2ce"}
,"/Users/oskartarka/Informatyka/Moje/projekty java/Hoidle/client/js/functions/prepareData.js": {"path":"/Users/oskartarka/Informatyka/Moje/projekty java/Hoidle/client/js/functions/prepareData.js","statementMap":{"0":{"start":{"line":7,"column":2},"end":{"line":7,"column":115}},"1":{"start":{"line":7,"column":37},"end":{"line":7,"column":113}},"2":{"start":{"line":12,"column":2},"end":{"line":14,"column":3}},"3":{"start":{"line":13,"column":4},"end":{"line":13,"column":17}},"4":{"start":{"line":16,"column":21},"end":{"line":16,"column":26}},"5":{"start":{"line":18,"column":2},"end":{"line":24,"column":3}},"6":{"start":{"line":19,"column":4},"end":{"line":19,"column":58}},"7":{"start":{"line":19,"column":41},"end":{"line":19,"column":56}},"8":{"start":{"line":21,"column":4},"end":{"line":21,"column":43}},"9":{"start":{"line":23,"column":4},"end":{"line":23,"column":46}},"10":{"start":{"line":26,"column":2},"end":{"line":26,"column":22}},"11":{"start":{"line":31,"column":20},"end":{"line":31,"column":33}},"12":{"start":{"line":32,"column":2},"end":{"line":32,"column":69}},"13":{"start":{"line":33,"column":2},"end":{"line":35,"column":15}},"14":{"start":{"line":34,"column":17},"end":{"line":34,"column":61}},"15":{"start":{"line":36,"column":2},"end":{"line":36,"column":21}}},"fnMap":{"0":{"name":"filterCountriesByName","decl":{"start":{"line":6,"column":9},"end":{"line":6,"column":30}},"loc":{"start":{"line":6,"column":47},"end":{"line":8,"column":1}},"line":6},"1":{"name":"(anonymous_1)","decl":{"start":{"line":7,"column":26},"end":{"line":7,"column":27}},"loc":{"start":{"line":7,"column":37},"end":{"line":7,"column":113}},"line":7},"2":{"name":"prepareFieldForDisplay","decl":{"start":{"line":10,"column":9},"end":{"line":10,"column":31}},"loc":{"start":{"line":10,"column":38},"end":{"line":27,"column":1}},"line":10},"3":{"name":"(anonymous_3)","decl":{"start":{"line":19,"column":36},"end":{"line":19,"column":37}},"loc":{"start":{"line":19,"column":41},"end":{"line":19,"column":56}},"line":19},"4":{"name":"prepareValue","decl":{"start":{"line":30,"column":9},"end":{"line":30,"column":21}},"loc":{"start":{"line":30,"column":28},"end":{"line":37,"column":1}},"line":30},"5":{"name":"(anonymous_5)","decl":{"start":{"line":34,"column":9},"end":{"line":34,"column":10}},"loc":{"start":{"line":34,"column":17},"end":{"line":34,"column":61}},"line":34}},"branchMap":{"0":{"loc":{"start":{"line":12,"column":2},"end":{"line":14,"column":3}},"type":"if","locations":[{"start":{"line":12,"column":2},"end":{"line":14,"column":3}},{"start":{},"end":{}}],"line":12},"1":{"loc":{"start":{"line":18,"column":2},"end":{"line":24,"column":3}},"type":"if","locations":[{"start":{"line":18,"column":2},"end":{"line":24,"column":3}},{"start":{"line":22,"column":9},"end":{"line":24,"column":3}}],"line":18}},"s":{"0":6,"1":60,"2":8,"3":2,"4":6,"5":6,"6":4,"7":10,"8":4,"9":2,"10":6,"11":12,"12":12,"13":12,"14":19,"15":12},"f":{"0":6,"1":60,"2":8,"3":10,"4":12,"5":19},"b":{"0":[2,6],"1":[4,2]},"_coverageSchema":"1a1c01bbd47fc00a2c39e90264f33305004495a9","hash":"e455bb495a5e2b20e1c043867faa3ebce2c84246"}
,"/Users/oskartarka/Informatyka/Moje/projekty java/Hoidle/client/js/functions/waitForAnimation.js": {"path":"/Users/oskartarka/Informatyka/Moje/projekty java/Hoidle/client/js/functions/waitForAnimation.js","statementMap":{"0":{"start":{"line":2,"column":2},"end":{"line":4,"column":5}},"1":{"start":{"line":3,"column":4},"end":{"line":3,"column":72}}},"fnMap":{"0":{"name":"waitForAnimationEnd","decl":{"start":{"line":1,"column":16},"end":{"line":1,"column":35}},"loc":{"start":{"line":1,"column":45},"end":{"line":5,"column":1}},"line":1},"1":{"name":"(anonymous_1)","decl":{"start":{"line":2,"column":21},"end":{"line":2,"column":22}},"loc":{"start":{"line":2,"column":32},"end":{"line":4,"column":3}},"line":2}},"branchMap":{},"s":{"0":2,"1":2},"f":{"0":2,"1":2},"b":{},"_coverageSchema":"1a1c01bbd47fc00a2c39e90264f33305004495a9","hash":"bdd12e9c6ffb1baa809e9cc6bbdc6c7b78963708"}
}
