TN:
SF:js/common/constants.js
FNF:0
FNH:0
DA:12,2
DA:13,2
DA:14,2
DA:15,2
DA:16,2
DA:17,2
DA:18,2
DA:23,2
DA:24,2
LF:9
LH:9
BRF:0
BRH:0
end_of_record
TN:
SF:js/dom/error.js
FN:1,errorProcedure
FNF:1
FNH:1
FNDA:1,errorProcedure
DA:2,1
DA:4,1
DA:6,1
DA:7,1
DA:8,1
DA:10,1
LF:6
LH:6
BRF:0
BRH:0
end_of_record
TN:
SF:js/dom/suggestions.js
FN:4,suggestedCountry
FN:24,(anonymous_1)
FN:25,(anonymous_2)
FN:28,(anonymous_3)
FNF:4
FNH:4
FNDA:4,suggestedCountry
FNDA:2,(anonymous_1)
FNDA:4,(anonymous_2)
FNDA:1,(anonymous_3)
DA:5,4
DA:6,4
DA:7,4
DA:9,4
DA:10,1
DA:11,1
DA:14,3
DA:15,3
DA:17,3
DA:18,1
DA:19,1
DA:20,1
DA:21,1
DA:24,2
DA:25,2
DA:26,4
DA:27,4
DA:28,4
DA:29,1
DA:30,1
DA:31,1
DA:32,1
DA:34,4
LF:23
LH:23
BRDA:9,0,0,1
BRDA:9,0,1,3
BRDA:17,1,0,1
BRDA:17,1,1,2
BRF:4
BRH:4
end_of_record
TN:
SF:js/dom/win.js
FN:5,winFunctionality
FN:7,(anonymous_1)
FN:9,(anonymous_2)
FN:21,(anonymous_3)
FNF:4
FNH:3
FNDA:1,winFunctionality
FNDA:1,(anonymous_1)
FNDA:1,(anonymous_2)
FNDA:0,(anonymous_3)
DA:6,1
DA:7,1
DA:9,1
DA:10,1
DA:13,1
DA:14,1
DA:15,1
DA:17,1
DA:18,1
DA:20,1
DA:21,1
DA:22,1
DA:25,1
DA:26,1
DA:27,1
DA:28,1
DA:29,1
DA:30,1
DA:34,1
DA:35,1
LF:20
LH:20
BRF:0
BRH:0
end_of_record
TN:
SF:js/functions/prepareData.js
FN:6,filterCountriesByName
FN:7,(anonymous_1)
FN:10,prepareFieldForDisplay
FN:19,(anonymous_3)
FN:30,prepareValue
FN:34,(anonymous_5)
FNF:6
FNH:6
FNDA:6,filterCountriesByName
FNDA:60,(anonymous_1)
FNDA:4,prepareFieldForDisplay
FNDA:6,(anonymous_3)
FNDA:7,prepareValue
FNDA:9,(anonymous_5)
DA:7,60
DA:12,4
DA:13,1
DA:16,3
DA:18,3
DA:19,6
DA:21,2
DA:23,1
DA:26,3
DA:31,7
DA:32,7
DA:33,7
DA:34,9
DA:36,7
LF:14
LH:14
BRDA:12,0,0,1
BRDA:12,0,1,3
BRDA:18,1,0,2
BRDA:18,1,1,1
BRF:4
BRH:4
end_of_record
TN:
SF:js/functions/waitForAnimation.js
FN:1,waitForAnimationEnd
FN:2,(anonymous_1)
FNF:2
FNH:2
FNDA:2,waitForAnimationEnd
FNDA:2,(anonymous_1)
DA:2,2
DA:3,2
LF:2
LH:2
BRF:0
BRH:0
end_of_record
