TN:
SF:js/common/constants.js
FNF:0
FNH:0
DA:12,3
DA:13,3
DA:14,3
DA:15,3
DA:16,3
DA:17,3
DA:18,3
DA:23,3
DA:24,3
LF:9
LH:9
BRF:0
BRH:0
end_of_record
TN:
SF:js/dom/error.js
FN:1,errorProcedure
FNF:1
FNH:1
FNDA:1,errorProcedure
DA:2,1
DA:4,1
DA:6,1
DA:7,1
DA:8,1
DA:10,1
LF:6
LH:6
BRF:0
BRH:0
end_of_record
TN:
SF:js/dom/guessTable.js
FN:10,setSlideHeight
FN:31,createGuessRow
FN:36,(anonymous_2)
FNF:3
FNH:3
FNDA:1,setSlideHeight
FNDA:1,createGuessRow
FNDA:5,(anonymous_2)
DA:12,1
DA:17,1
DA:18,1
DA:20,1
DA:21,1
DA:23,1
DA:25,1
DA:32,1
DA:33,1
DA:35,1
DA:37,5
DA:38,5
DA:39,5
DA:41,5
DA:42,1
DA:43,4
DA:44,4
DA:47,5
DA:48,5
DA:49,5
DA:50,5
DA:51,5
DA:52,5
DA:53,5
DA:54,5
DA:55,5
DA:57,5
DA:59,5
DA:62,1
LF:29
LH:29
BRDA:21,0,0,1
BRDA:21,0,1,1
BRDA:41,1,0,1
BRDA:41,1,1,4
BRDA:42,2,0,1
BRDA:42,2,1,0
BRDA:43,3,0,4
BRDA:43,3,1,0
BRDA:47,4,0,5
BRDA:47,4,1,0
BRF:10
BRH:7
end_of_record
TN:
SF:js/dom/suggestions.js
FN:4,suggestedCountry
FN:24,(anonymous_1)
FN:25,(anonymous_2)
FN:28,(anonymous_3)
FNF:4
FNH:4
FNDA:4,suggestedCountry
FNDA:2,(anonymous_1)
FNDA:4,(anonymous_2)
FNDA:1,(anonymous_3)
DA:5,4
DA:6,4
DA:7,4
DA:9,4
DA:10,1
DA:11,1
DA:14,3
DA:15,3
DA:17,3
DA:18,1
DA:19,1
DA:20,1
DA:21,1
DA:24,2
DA:25,2
DA:26,4
DA:27,4
DA:28,4
DA:29,1
DA:30,1
DA:31,1
DA:32,1
DA:34,4
LF:23
LH:23
BRDA:9,0,0,1
BRDA:9,0,1,3
BRDA:17,1,0,1
BRDA:17,1,1,2
BRF:4
BRH:4
end_of_record
TN:
SF:js/dom/win.js
FN:5,winFunctionality
FN:7,(anonymous_1)
FN:9,(anonymous_2)
FN:25,(anonymous_3)
FNF:4
FNH:3
FNDA:1,winFunctionality
FNDA:2,(anonymous_1)
FNDA:2,(anonymous_2)
FNDA:0,(anonymous_3)
DA:6,1
DA:7,2
DA:9,1
DA:10,2
DA:13,1
DA:14,1
DA:15,1
DA:17,1
DA:18,1
DA:20,1
DA:21,2
DA:22,1
DA:23,1
DA:25,1
DA:26,1
DA:27,1
DA:28,1
DA:31,1
DA:33,1
DA:34,1
DA:35,1
DA:36,1
DA:37,1
DA:38,1
DA:42,1
DA:43,1
LF:26
LH:26
BRDA:21,0,0,1
BRDA:21,0,1,1
BRF:2
BRH:2
end_of_record
TN:
SF:js/functions/prepareData.js
FN:6,filterCountriesByName
FN:7,(anonymous_1)
FN:10,prepareFieldForDisplay
FN:19,(anonymous_3)
FN:30,prepareValue
FN:34,(anonymous_5)
FNF:6
FNH:6
FNDA:6,filterCountriesByName
FNDA:60,(anonymous_1)
FNDA:8,prepareFieldForDisplay
FNDA:10,(anonymous_3)
FNDA:12,prepareValue
FNDA:19,(anonymous_5)
DA:7,60
DA:12,8
DA:13,2
DA:16,6
DA:18,6
DA:19,10
DA:21,4
DA:23,2
DA:26,6
DA:31,12
DA:32,12
DA:33,12
DA:34,19
DA:36,12
LF:14
LH:14
BRDA:12,0,0,2
BRDA:12,0,1,6
BRDA:18,1,0,4
BRDA:18,1,1,2
BRF:4
BRH:4
end_of_record
TN:
SF:js/functions/waitForAnimation.js
FN:1,waitForAnimationEnd
FN:2,(anonymous_1)
FN:3,(anonymous_2)
FNF:3
FNH:3
FNDA:1,waitForAnimationEnd
FNDA:1,(anonymous_1)
FNDA:1,(anonymous_2)
DA:2,1
DA:3,1
DA:4,1
LF:3
LH:3
BRF:0
BRH:0
end_of_record
